<?xml version="1.0" encoding="UTF-8"?>
<testsuite xmlns:xsi="http://www.w3.org/2001/XMLSchema-instance" xsi:noNamespaceSchemaLocation="https://maven.apache.org/surefire/maven-surefire-plugin/xsd/surefire-test-report.xsd" version="3.0.2" name="cucumber.Options.TestRunner" time="1.566" tests="2" errors="0" skipped="0" failures="0">
  <properties>
[...]
</properties>
  <testcase name="Add place API validation" classname="Validating place APIs" time="1.391">
    <system-out><![CDATA[Request method:	POST
Request URI:	https://rahulshettyacademy.com/maps/api/place/add/json?key=qaclick123
Proxy:			<none>
Request params:	<none>
Query params:	key=qaclick123
Form params:	<none>
Path params:	<none>
Headers:		Accept=*/*
				Content-Type=application/json
Cookies:		<none>
Multiparts:		<none>
Body:
{
    "name": "<Name>",
    "phone_number": "(+91) 9148754404",
    "address": "<Address>",
    "website": "http://google.com",
    "language": "<Language>",
    "accuracy": 50,
    "types": [
        "shoe park",
        "shop"
    ],
    "location": {
        "lat": -38.383494,
        "lng": 33.427362
    }
}
Request method:	POST
Request URI:	https://rahulshettyacademy.com/maps/api/place/add/json?key=qaclick123
Proxy:			<none>
Request params:	<none>
Query params:	key=qaclick123
Form params:	<none>
Path params:	<none>
Headers:		Accept=*/*
				Content-Type=application/json
Cookies:		<none>
Multiparts:		<none>
Body:
{
    "name": "<Name>",
    "phone_number": "(+91) 9148754404",
    "address": "<Address>",
    "website": "http://google.com",
    "language": "<Language>",
    "accuracy": 50,
    "types": [
        "shoe park",
        "shop"
    ],
    "location": {
        "lat": -38.383494,
        "lng": 33.427362
    }
}
HTTP/1.1 200 OK
Date: Wed, 18 Mar 2026 10:35:48 GMT
Server: Apache/2.4.52 (Ubuntu)
Strict-Transport-Security: max-age=604800; includeSubDomains
Access-Control-Allow-Origin: *
Access-Control-Allow-Methods: POST
Access-Control-Max-Age: 3600
Access-Control-Allow-Headers: Content-Type, Access-Control-Allow-Headers, Authorization, X-Requested-With
Content-Length: 194
Keep-Alive: timeout=5, max=100
Connection: Keep-Alive
Content-Type: application/json;charset=UTF-8

{
    "status": "OK",
    "place_id": "96fb119bd6aef136abb91d8557a42962",
    "scope": "APP",
    "reference": "05790bb60205b3c8f01c2d8cbc5965cb05790bb60205b3c8f01c2d8cbc5965cb",
    "id": "05790bb60205b3c8f01c2d8cbc5965cb"
}
200
OK
OK
APP
APP
]]></system-out>
  </testcase>
  <testcase name="" classname="Validating place APIs" time="0.0"/>
</testsuite>